<?xml version="1.0" encoding="UTF-8"?>
<testsuite name="com.technical.exercise.controllers.StudentControllerTest" tests="1" skipped="0" failures="0" errors="0" timestamp="2024-11-15T20:04:37" hostname="MacBookPro-707.cable.rcn.com" time="0.082">
  <properties/>
  <testcase name="testCreateStudent()" classname="com.technical.exercise.controllers.StudentControllerTest" time="0.082"/>
  <system-out><![CDATA[15:04:35.986 [Test worker] INFO org.springframework.test.context.support.AnnotationConfigContextLoaderUtils -- Could not detect default configuration classes for test class [com.technical.exercise.controllers.StudentControllerTest]: StudentControllerTest does not declare any static, non-private, non-final, nested classes annotated with @Configuration.
15:04:36.063 [Test worker] INFO org.springframework.boot.test.context.SpringBootTestContextBootstrapper -- Found @SpringBootConfiguration com.technical.exercise.ExerciseApplication for test class com.technical.exercise.controllers.StudentControllerTest

  .   ____          _            __ _ _
 /\\ / ___'_ __ _ _(_)_ __  __ _ \ \ \ \
( ( )\___ | '_ | '_| | '_ \/ _` | \ \ \ \
 \\/  ___)| |_)| | | | | || (_| |  ) ) ) )
  '  |____| .__|_| |_|_| |_\__, | / / / /
 =========|_|==============|___/=/_/_/_/

 :: Spring Boot ::                (v3.3.5)

2024-11-15T15:04:36.251-05:00  INFO 36877 --- [exercise] [    Test worker] c.t.e.controllers.StudentControllerTest  : Starting StudentControllerTest using Java 21 with PID 36877 (started by josechan in /Users/josechan/Repository/exercise)
2024-11-15T15:04:36.251-05:00  INFO 36877 --- [exercise] [    Test worker] c.t.e.controllers.StudentControllerTest  : No active profile set, falling back to 1 default profile: "default"
2024-11-15T15:04:37.303-05:00  INFO 36877 --- [exercise] [    Test worker] o.s.b.t.m.w.SpringBootMockServletContext : Initializing Spring TestDispatcherServlet ''
2024-11-15T15:04:37.303-05:00  INFO 36877 --- [exercise] [    Test worker] o.s.t.web.servlet.TestDispatcherServlet  : Initializing Servlet ''
2024-11-15T15:04:37.305-05:00  INFO 36877 --- [exercise] [    Test worker] o.s.t.web.servlet.TestDispatcherServlet  : Completed initialization in 0 ms
2024-11-15T15:04:37.325-05:00  INFO 36877 --- [exercise] [    Test worker] c.t.e.controllers.StudentControllerTest  : Started StudentControllerTest in 1.216 seconds (process running for 1.79)
]]></system-out>
  <system-err><![CDATA[WARNING: A Java agent has been loaded dynamically (/Users/josechan/.gradle/caches/modules-2/files-2.1/net.bytebuddy/byte-buddy-agent/1.14.19/154da3a65b4f4a909d3e5bdec55d1b2b4cbb6ce1/byte-buddy-agent-1.14.19.jar)
WARNING: If a serviceability tool is in use, please run with -XX:+EnableDynamicAgentLoading to hide this warning
WARNING: If a serviceability tool is not in use, please run with -Djdk.instrument.traceUsage for more information
WARNING: Dynamic loading of agents will be disallowed by default in a future release
]]></system-err>
</testsuite>
